{"C:\\Users\\ygore\\OneDrive\\Documents\\1-projetos\\api-com-express\\src\\application\\dtos\\UserDto.ts": {"path":"C:\\Users\\ygore\\OneDrive\\Documents\\1-projetos\\api-com-express\\src\\application\\dtos\\UserDto.ts","statementMap":{"0":{"start":{"line":15,"column":8},"end":{"line":15,"column":21}},"1":{"start":{"line":16,"column":8},"end":{"line":16,"column":27}},"2":{"start":{"line":17,"column":8},"end":{"line":17,"column":27}},"3":{"start":{"line":18,"column":8},"end":{"line":18,"column":33}},"4":{"start":{"line":19,"column":8},"end":{"line":19,"column":41}},"5":{"start":{"line":1,"column":0},"end":{"line":1,"column":21}}},"fnMap":{"0":{"name":"(anonymous_0)","decl":{"start":{"line":8,"column":4},"end":{"line":8,"column":null}},"loc":{"start":{"line":13,"column":28},"end":{"line":20,"column":5}}}},"branchMap":{},"s":{"0":1,"1":1,"2":1,"3":1,"4":1,"5":1},"f":{"0":1},"b":{}}
,"C:\\Users\\ygore\\OneDrive\\Documents\\1-projetos\\api-com-express\\src\\core\\models\\Entity.ts": {"path":"C:\\Users\\ygore\\OneDrive\\Documents\\1-projetos\\api-com-express\\src\\core\\models\\Entity.ts","statementMap":{"0":{"start":{"line":1,"column":0},"end":{"line":1,"column":48}},"1":{"start":{"line":7,"column":8},"end":{"line":7,"column":29}},"2":{"start":{"line":11,"column":8},"end":{"line":11,"column":49}},"3":{"start":{"line":15,"column":8},"end":{"line":15,"column":35}},"4":{"start":{"line":3,"column":0},"end":{"line":3,"column":21}}},"fnMap":{"0":{"name":"(anonymous_1)","decl":{"start":{"line":6,"column":4},"end":{"line":6,"column":16}},"loc":{"start":{"line":6,"column":26},"end":{"line":8,"column":5}}},"1":{"name":"(anonymous_2)","decl":{"start":{"line":10,"column":4},"end":{"line":10,"column":10}},"loc":{"start":{"line":10,"column":25},"end":{"line":12,"column":5}}},"2":{"name":"(anonymous_3)","decl":{"start":{"line":14,"column":4},"end":{"line":14,"column":13}},"loc":{"start":{"line":14,"column":28},"end":{"line":16,"column":5}}}},"branchMap":{},"s":{"0":1,"1":4,"2":0,"3":0,"4":1},"f":{"0":4,"1":0,"2":0},"b":{}}
,"C:\\Users\\ygore\\OneDrive\\Documents\\1-projetos\\api-com-express\\src\\core\\models\\user\\User.ts": {"path":"C:\\Users\\ygore\\OneDrive\\Documents\\1-projetos\\api-com-express\\src\\core\\models\\user\\User.ts","statementMap":{"0":{"start":{"line":1,"column":0},"end":{"line":1,"column":42}},"1":{"start":{"line":3,"column":0},"end":{"line":3,"column":60}},"2":{"start":{"line":4,"column":0},"end":{"line":4,"column":60}},"3":{"start":{"line":5,"column":0},"end":{"line":5,"column":54}},"4":{"start":{"line":20,"column":8},"end":{"line":20,"column":19}},"5":{"start":{"line":21,"column":8},"end":{"line":21,"column":47}},"6":{"start":{"line":22,"column":8},"end":{"line":22,"column":47}},"7":{"start":{"line":23,"column":8},"end":{"line":23,"column":38}},"8":{"start":{"line":24,"column":8},"end":{"line":24,"column":27}},"9":{"start":{"line":7,"column":0},"end":{"line":7,"column":21}}},"fnMap":{"0":{"name":"(anonymous_1)","decl":{"start":{"line":13,"column":4},"end":{"line":13,"column":16}},"loc":{"start":{"line":19,"column":12},"end":{"line":25,"column":5}}}},"branchMap":{},"s":{"0":1,"1":1,"2":1,"3":1,"4":4,"5":4,"6":4,"7":2,"8":2,"9":1},"f":{"0":4},"b":{}}
,"C:\\Users\\ygore\\OneDrive\\Documents\\1-projetos\\api-com-express\\src\\core\\services\\user\\Save.ts": {"path":"C:\\Users\\ygore\\OneDrive\\Documents\\1-projetos\\api-com-express\\src\\core\\services\\user\\Save.ts","statementMap":{"0":{"start":{"line":2,"column":0},"end":{"line":2,"column":43}},"1":{"start":{"line":15,"column":16},"end":{"line":15,"column":43}},"2":{"start":{"line":16,"column":16},"end":{"line":16,"column":37}},"3":{"start":{"line":18,"column":8},"end":{"line":18,"column":37}},"4":{"start":{"line":22,"column":23},"end":{"line":22,"column":56}},"5":{"start":{"line":23,"column":8},"end":{"line":23,"column":61}},"6":{"start":{"line":23,"column":20},"end":{"line":23,"column":61}},"7":{"start":{"line":25,"column":32},"end":{"line":25,"column":70}},"8":{"start":{"line":26,"column":24},"end":{"line":31,"column":10}},"9":{"start":{"line":32,"column":30},"end":{"line":36,"column":10}},"10":{"start":{"line":37,"column":8},"end":{"line":37,"column":50}},"11":{"start":{"line":39,"column":8},"end":{"line":39,"column":29}},"12":{"start":{"line":13,"column":0},"end":{"line":13,"column":21}}},"fnMap":{"0":{"name":"(anonymous_1)","decl":{"start":{"line":14,"column":4},"end":{"line":14,"column":null}},"loc":{"start":{"line":16,"column":37},"end":{"line":19,"column":5}}},"1":{"name":"(anonymous_2)","decl":{"start":{"line":21,"column":4},"end":{"line":21,"column":9}},"loc":{"start":{"line":21,"column":61},"end":{"line":40,"column":5}}}},"branchMap":{"0":{"loc":{"start":{"line":23,"column":8},"end":{"line":23,"column":61}},"type":"if","locations":[{"start":{"line":23,"column":8},"end":{"line":23,"column":61}}]}},"s":{"0":1,"1":4,"2":4,"3":4,"4":4,"5":4,"6":1,"7":3,"8":3,"9":1,"10":1,"11":1,"12":1},"f":{"0":4,"1":4},"b":{"0":[1]}}
,"C:\\Users\\ygore\\OneDrive\\Documents\\1-projetos\\api-com-express\\src\\core\\shared\\value-objects\\Email.ts": {"path":"C:\\Users\\ygore\\OneDrive\\Documents\\1-projetos\\api-com-express\\src\\core\\shared\\value-objects\\Email.ts","statementMap":{"0":{"start":{"line":3,"column":17},"end":{"line":3,"column":33}},"1":{"start":{"line":5,"column":8},"end":{"line":5,"column":89}},"2":{"start":{"line":5,"column":42},"end":{"line":5,"column":89}},"3":{"start":{"line":9,"column":8},"end":{"line":9,"column":57}},"4":{"start":{"line":13,"column":30},"end":{"line":13,"column":81}},"5":{"start":{"line":14,"column":8},"end":{"line":14,"column":33}},"6":{"start":{"line":1,"column":0},"end":{"line":1,"column":21}}},"fnMap":{"0":{"name":"(anonymous_0)","decl":{"start":{"line":2,"column":4},"end":{"line":2,"column":null}},"loc":{"start":{"line":3,"column":33},"end":{"line":6,"column":5}}},"1":{"name":"(anonymous_1)","decl":{"start":{"line":8,"column":4},"end":{"line":8,"column":8}},"loc":{"start":{"line":8,"column":16},"end":{"line":10,"column":5}}},"2":{"name":"(anonymous_2)","decl":{"start":{"line":12,"column":12},"end":{"line":12,"column":19}},"loc":{"start":{"line":12,"column":33},"end":{"line":15,"column":5}}}},"branchMap":{"0":{"loc":{"start":{"line":5,"column":8},"end":{"line":5,"column":89}},"type":"if","locations":[{"start":{"line":5,"column":8},"end":{"line":5,"column":89}}]}},"s":{"0":2,"1":2,"2":0,"3":0,"4":2,"5":2,"6":1},"f":{"0":2,"1":0,"2":2},"b":{"0":[0]}}
,"C:\\Users\\ygore\\OneDrive\\Documents\\1-projetos\\api-com-express\\src\\core\\shared\\value-objects\\Id.ts": {"path":"C:\\Users\\ygore\\OneDrive\\Documents\\1-projetos\\api-com-express\\src\\core\\shared\\value-objects\\Id.ts","statementMap":{"0":{"start":{"line":1,"column":0},"end":{"line":1,"column":55}},"1":{"start":{"line":2,"column":13},"end":{"line":2,"column":30}},"2":{"start":{"line":6,"column":17},"end":{"line":6,"column":33}},"3":{"start":{"line":8,"column":8},"end":{"line":8,"column":66}},"4":{"start":{"line":8,"column":35},"end":{"line":8,"column":66}},"5":{"start":{"line":4,"column":0},"end":{"line":4,"column":21}}},"fnMap":{"0":{"name":"(anonymous_1)","decl":{"start":{"line":5,"column":4},"end":{"line":5,"column":null}},"loc":{"start":{"line":6,"column":48},"end":{"line":9,"column":5}}}},"branchMap":{"0":{"loc":{"start":{"line":6,"column":17},"end":{"line":6,"column":48}},"type":"default-arg","locations":[{"start":{"line":6,"column":33},"end":{"line":6,"column":48}}]},"1":{"loc":{"start":{"line":8,"column":8},"end":{"line":8,"column":66}},"type":"if","locations":[{"start":{"line":8,"column":8},"end":{"line":8,"column":66}}]}},"s":{"0":1,"1":1,"2":4,"3":4,"4":0,"5":1},"f":{"0":4},"b":{"0":[3],"1":[0]}}
,"C:\\Users\\ygore\\OneDrive\\Documents\\1-projetos\\api-com-express\\src\\core\\shared\\value-objects\\Password.ts": {"path":"C:\\Users\\ygore\\OneDrive\\Documents\\1-projetos\\api-com-express\\src\\core\\shared\\value-objects\\Password.ts","statementMap":{"0":{"start":{"line":3,"column":17},"end":{"line":3,"column":30}},"1":{"start":{"line":4,"column":17},"end":{"line":4,"column":31}},"2":{"start":{"line":5,"column":17},"end":{"line":5,"column":31}},"3":{"start":{"line":7,"column":8},"end":{"line":7,"column":111}},"4":{"start":{"line":7,"column":42},"end":{"line":7,"column":111}},"5":{"start":{"line":8,"column":8},"end":{"line":8,"column":152}},"6":{"start":{"line":8,"column":47},"end":{"line":8,"column":152}},"7":{"start":{"line":12,"column":22},"end":{"line":12,"column":84}},"8":{"start":{"line":13,"column":8},"end":{"line":13,"column":36}},"9":{"start":{"line":1,"column":0},"end":{"line":1,"column":21}}},"fnMap":{"0":{"name":"(anonymous_0)","decl":{"start":{"line":2,"column":4},"end":{"line":2,"column":null}},"loc":{"start":{"line":5,"column":33},"end":{"line":9,"column":5}}},"1":{"name":"(anonymous_1)","decl":{"start":{"line":11,"column":12},"end":{"line":11,"column":27}},"loc":{"start":{"line":11,"column":44},"end":{"line":14,"column":5}}}},"branchMap":{"0":{"loc":{"start":{"line":4,"column":17},"end":{"line":4,"column":32}},"type":"default-arg","locations":[{"start":{"line":4,"column":31},"end":{"line":4,"column":32}}]},"1":{"loc":{"start":{"line":5,"column":17},"end":{"line":5,"column":33}},"type":"default-arg","locations":[{"start":{"line":5,"column":31},"end":{"line":5,"column":33}}]},"2":{"loc":{"start":{"line":7,"column":8},"end":{"line":7,"column":111}},"type":"if","locations":[{"start":{"line":7,"column":8},"end":{"line":7,"column":111}}]},"3":{"loc":{"start":{"line":8,"column":8},"end":{"line":8,"column":152}},"type":"if","locations":[{"start":{"line":8,"column":8},"end":{"line":8,"column":152}}]}},"s":{"0":4,"1":4,"2":4,"3":4,"4":1,"5":3,"6":1,"7":3,"8":3,"9":1},"f":{"0":4,"1":3},"b":{"0":[4],"1":[4],"2":[1],"3":[1]}}
,"C:\\Users\\ygore\\OneDrive\\Documents\\1-projetos\\api-com-express\\src\\core\\shared\\value-objects\\Username.ts": {"path":"C:\\Users\\ygore\\OneDrive\\Documents\\1-projetos\\api-com-express\\src\\core\\shared\\value-objects\\Username.ts","statementMap":{"0":{"start":{"line":3,"column":17},"end":{"line":3,"column":30}},"1":{"start":{"line":4,"column":16},"end":{"line":4,"column":30}},"2":{"start":{"line":5,"column":16},"end":{"line":5,"column":30}},"3":{"start":{"line":7,"column":8},"end":{"line":7,"column":121}},"4":{"start":{"line":7,"column":42},"end":{"line":7,"column":121}},"5":{"start":{"line":8,"column":8},"end":{"line":8,"column":121}},"6":{"start":{"line":8,"column":42},"end":{"line":8,"column":121}},"7":{"start":{"line":1,"column":0},"end":{"line":1,"column":21}}},"fnMap":{"0":{"name":"(anonymous_0)","decl":{"start":{"line":2,"column":4},"end":{"line":2,"column":null}},"loc":{"start":{"line":5,"column":32},"end":{"line":9,"column":5}}}},"branchMap":{"0":{"loc":{"start":{"line":4,"column":16},"end":{"line":4,"column":31}},"type":"default-arg","locations":[{"start":{"line":4,"column":30},"end":{"line":4,"column":31}}]},"1":{"loc":{"start":{"line":5,"column":16},"end":{"line":5,"column":32}},"type":"default-arg","locations":[{"start":{"line":5,"column":30},"end":{"line":5,"column":32}}]},"2":{"loc":{"start":{"line":7,"column":8},"end":{"line":7,"column":121}},"type":"if","locations":[{"start":{"line":7,"column":8},"end":{"line":7,"column":121}}]},"3":{"loc":{"start":{"line":8,"column":8},"end":{"line":8,"column":121}},"type":"if","locations":[{"start":{"line":8,"column":8},"end":{"line":8,"column":121}}]}},"s":{"0":4,"1":4,"2":4,"3":4,"4":0,"5":4,"6":0,"7":1},"f":{"0":4},"b":{"0":[4],"1":[4],"2":[0],"3":[0]}}
,"C:\\Users\\ygore\\OneDrive\\Documents\\1-projetos\\api-com-express\\src\\infra\\adapters\\BcryptAdapter.ts": {"path":"C:\\Users\\ygore\\OneDrive\\Documents\\1-projetos\\api-com-express\\src\\infra\\adapters\\BcryptAdapter.ts","statementMap":{"0":{"start":{"line":1,"column":0},"end":{"line":1,"column":28}},"1":{"start":{"line":5,"column":33},"end":{"line":5,"column":35}},"2":{"start":{"line":8,"column":23},"end":{"line":8,"column":67}},"3":{"start":{"line":9,"column":8},"end":{"line":9,"column":22}},"4":{"start":{"line":13,"column":23},"end":{"line":13,"column":59}},"5":{"start":{"line":14,"column":8},"end":{"line":14,"column":22}},"6":{"start":{"line":4,"column":0},"end":{"line":4,"column":21}}},"fnMap":{"0":{"name":"(anonymous_1)","decl":{"start":{"line":7,"column":4},"end":{"line":7,"column":9}},"loc":{"start":{"line":7,"column":34},"end":{"line":10,"column":5}}},"1":{"name":"(anonymous_2)","decl":{"start":{"line":12,"column":4},"end":{"line":12,"column":9}},"loc":{"start":{"line":12,"column":48},"end":{"line":15,"column":5}}}},"branchMap":{},"s":{"0":1,"1":4,"2":3,"3":3,"4":0,"5":0,"6":1},"f":{"0":3,"1":0},"b":{}}
,"C:\\Users\\ygore\\OneDrive\\Documents\\1-projetos\\api-com-express\\src\\infra\\adapters\\UuidAdapter.ts": {"path":"C:\\Users\\ygore\\OneDrive\\Documents\\1-projetos\\api-com-express\\src\\infra\\adapters\\UuidAdapter.ts","statementMap":{"0":{"start":{"line":2,"column":0},"end":{"line":2,"column":46}},"1":{"start":{"line":6,"column":8},"end":{"line":6,"column":24}},"2":{"start":{"line":10,"column":8},"end":{"line":10,"column":28}},"3":{"start":{"line":4,"column":0},"end":{"line":4,"column":21}}},"fnMap":{"0":{"name":"(anonymous_0)","decl":{"start":{"line":5,"column":4},"end":{"line":5,"column":12}},"loc":{"start":{"line":5,"column":12},"end":{"line":7,"column":5}}},"1":{"name":"(anonymous_1)","decl":{"start":{"line":9,"column":4},"end":{"line":9,"column":12}},"loc":{"start":{"line":9,"column":23},"end":{"line":11,"column":5}}}},"branchMap":{},"s":{"0":1,"1":3,"2":4,"3":1},"f":{"0":3,"1":4},"b":{}}
,"C:\\Users\\ygore\\OneDrive\\Documents\\1-projetos\\api-com-express\\src\\infra\\db\\FileOrm.ts": {"path":"C:\\Users\\ygore\\OneDrive\\Documents\\1-projetos\\api-com-express\\src\\infra\\db\\FileOrm.ts","statementMap":{"0":{"start":{"line":1,"column":0},"end":{"line":1,"column":32}},"1":{"start":{"line":2,"column":0},"end":{"line":2,"column":24}},"2":{"start":{"line":6,"column":21},"end":{"line":6,"column":36}},"3":{"start":{"line":10,"column":8},"end":{"line":10,"column":90}},"4":{"start":{"line":14,"column":8},"end":{"line":14,"column":79}},"5":{"start":{"line":8,"column":0},"end":{"line":8,"column":21}}},"fnMap":{"0":{"name":"(anonymous_1)","decl":{"start":{"line":9,"column":4},"end":{"line":9,"column":9}},"loc":{"start":{"line":9,"column":14},"end":{"line":11,"column":5}}},"1":{"name":"(anonymous_2)","decl":{"start":{"line":13,"column":4},"end":{"line":13,"column":9}},"loc":{"start":{"line":13,"column":22},"end":{"line":15,"column":5}}}},"branchMap":{},"s":{"0":1,"1":1,"2":1,"3":5,"4":1,"5":1},"f":{"0":5,"1":1},"b":{}}
,"C:\\Users\\ygore\\OneDrive\\Documents\\1-projetos\\api-com-express\\src\\infra\\repositories\\user\\UserLocalRepository.ts": {"path":"C:\\Users\\ygore\\OneDrive\\Documents\\1-projetos\\api-com-express\\src\\infra\\repositories\\user\\UserLocalRepository.ts","statementMap":{"0":{"start":{"line":2,"column":0},"end":{"line":2,"column":43}},"1":{"start":{"line":3,"column":0},"end":{"line":3,"column":41}},"2":{"start":{"line":4,"column":0},"end":{"line":4,"column":49}},"3":{"start":{"line":10,"column":8},"end":{"line":10,"column":33}},"4":{"start":{"line":14,"column":19},"end":{"line":14,"column":40}},"5":{"start":{"line":16,"column":8},"end":{"line":18,"column":null}},"6":{"start":{"line":17,"column":35},"end":{"line":17,"column":58}},"7":{"start":{"line":22,"column":19},"end":{"line":22,"column":40}},"8":{"start":{"line":23,"column":21},"end":{"line":23,"column":64}},"9":{"start":{"line":23,"column":43},"end":{"line":23,"column":63}},"10":{"start":{"line":25,"column":8},"end":{"line":27,"column":19}},"11":{"start":{"line":31,"column":19},"end":{"line":31,"column":40}},"12":{"start":{"line":33,"column":29},"end":{"line":33,"column":85}},"13":{"start":{"line":33,"column":55},"end":{"line":33,"column":84}},"14":{"start":{"line":34,"column":8},"end":{"line":34,"column":67}},"15":{"start":{"line":34,"column":26},"end":{"line":34,"column":67}},"16":{"start":{"line":36,"column":8},"end":{"line":36,"column":45}},"17":{"start":{"line":37,"column":8},"end":{"line":37,"column":26}},"18":{"start":{"line":41,"column":8},"end":{"line":41,"column":51}},"19":{"start":{"line":45,"column":8},"end":{"line":45,"column":51}},"20":{"start":{"line":49,"column":8},"end":{"line":55,"column":null}},"21":{"start":{"line":59,"column":8},"end":{"line":65,"column":11}},"22":{"start":{"line":6,"column":0},"end":{"line":6,"column":21}}},"fnMap":{"0":{"name":"(anonymous_1)","decl":{"start":{"line":9,"column":4},"end":{"line":9,"column":null}},"loc":{"start":{"line":9,"column":4},"end":{"line":11,"column":5}}},"1":{"name":"(anonymous_2)","decl":{"start":{"line":13,"column":4},"end":{"line":13,"column":9}},"loc":{"start":{"line":13,"column":17},"end":{"line":19,"column":5}}},"2":{"name":"(anonymous_3)","decl":{"start":{"line":17,"column":27},"end":{"line":17,"column":31}},"loc":{"start":{"line":17,"column":35},"end":{"line":17,"column":58}}},"3":{"name":"(anonymous_4)","decl":{"start":{"line":21,"column":4},"end":{"line":21,"column":9}},"loc":{"start":{"line":21,"column":28},"end":{"line":28,"column":5}}},"4":{"name":"(anonymous_5)","decl":{"start":{"line":23,"column":35},"end":{"line":23,"column":39}},"loc":{"start":{"line":23,"column":43},"end":{"line":23,"column":63}}},"5":{"name":"(anonymous_6)","decl":{"start":{"line":30,"column":4},"end":{"line":30,"column":9}},"loc":{"start":{"line":30,"column":25},"end":{"line":38,"column":5}}},"6":{"name":"(anonymous_7)","decl":{"start":{"line":33,"column":43},"end":{"line":33,"column":51}},"loc":{"start":{"line":33,"column":55},"end":{"line":33,"column":84}}},"7":{"name":"(anonymous_8)","decl":{"start":{"line":40,"column":4},"end":{"line":40,"column":9}},"loc":{"start":{"line":40,"column":27},"end":{"line":42,"column":5}}},"8":{"name":"(anonymous_9)","decl":{"start":{"line":44,"column":4},"end":{"line":44,"column":9}},"loc":{"start":{"line":44,"column":16},"end":{"line":46,"column":5}}},"9":{"name":"(anonymous_10)","decl":{"start":{"line":48,"column":12},"end":{"line":48,"column":22}},"loc":{"start":{"line":48,"column":69},"end":{"line":56,"column":5}}},"10":{"name":"(anonymous_11)","decl":{"start":{"line":58,"column":12},"end":{"line":58,"column":24}},"loc":{"start":{"line":58,"column":78},"end":{"line":66,"column":5}}}},"branchMap":{"0":{"loc":{"start":{"line":16,"column":15},"end":{"line":18,"column":18}},"type":"cond-expr","locations":[{"start":{"line":17,"column":14},"end":{"line":17,"column":59}},{"start":{"line":18,"column":14},"end":{"line":18,"column":18}}]},"1":{"loc":{"start":{"line":25,"column":15},"end":{"line":27,"column":18}},"type":"cond-expr","locations":[{"start":{"line":26,"column":14},"end":{"line":26,"column":37}},{"start":{"line":27,"column":14},"end":{"line":27,"column":18}}]},"2":{"loc":{"start":{"line":34,"column":8},"end":{"line":34,"column":67}},"type":"if","locations":[{"start":{"line":34,"column":8},"end":{"line":34,"column":67}}]}},"s":{"0":1,"1":1,"2":1,"3":4,"4":0,"5":0,"6":0,"7":4,"8":4,"9":3,"10":4,"11":1,"12":1,"13":0,"14":1,"15":0,"16":1,"17":1,"18":0,"19":0,"20":1,"21":1,"22":1},"f":{"0":4,"1":0,"2":0,"3":4,"4":3,"5":1,"6":0,"7":0,"8":0,"9":1,"10":1},"b":{"0":[0,0],"1":[1,3],"2":[0]}}
,"C:\\Users\\ygore\\OneDrive\\Documents\\1-projetos\\api-com-express\\test\\core\\services\\user\\data.ts": {"path":"C:\\Users\\ygore\\OneDrive\\Documents\\1-projetos\\api-com-express\\test\\core\\services\\user\\data.ts","statementMap":{"0":{"start":{"line":1,"column":0},"end":{"line":20,"column":null}}},"fnMap":{},"branchMap":{},"s":{"0":1},"f":{},"b":{}}
}
