TN:
SF:src\application\dtos\UserDto.ts
FN:8,(anonymous_0)
FNF:1
FNH:1
FNDA:1,(anonymous_0)
DA:1,1
DA:15,1
DA:16,1
DA:17,1
DA:18,1
DA:19,1
LF:6
LH:6
BRF:0
BRH:0
end_of_record
TN:
SF:src\core\models\Entity.ts
FN:6,(anonymous_1)
FN:10,(anonymous_2)
FN:14,(anonymous_3)
FNF:3
FNH:1
FNDA:4,(anonymous_1)
FNDA:0,(anonymous_2)
FNDA:0,(anonymous_3)
DA:1,1
DA:3,1
DA:7,4
DA:11,0
DA:15,0
LF:5
LH:3
BRF:0
BRH:0
end_of_record
TN:
SF:src\core\models\user\User.ts
FN:13,(anonymous_1)
FNF:1
FNH:1
FNDA:4,(anonymous_1)
DA:1,1
DA:3,1
DA:4,1
DA:5,1
DA:7,1
DA:20,4
DA:21,4
DA:22,4
DA:23,2
DA:24,2
LF:10
LH:10
BRF:0
BRH:0
end_of_record
TN:
SF:src\core\services\user\Save.ts
FN:14,(anonymous_1)
FN:21,(anonymous_2)
FNF:2
FNH:2
FNDA:4,(anonymous_1)
FNDA:4,(anonymous_2)
DA:2,1
DA:13,1
DA:15,4
DA:16,4
DA:18,4
DA:22,4
DA:23,4
DA:25,3
DA:26,3
DA:32,1
DA:37,1
DA:39,1
LF:12
LH:12
BRDA:23,0,0,1
BRF:1
BRH:1
end_of_record
TN:
SF:src\core\shared\value-objects\Email.ts
FN:2,(anonymous_0)
FN:8,(anonymous_1)
FN:12,(anonymous_2)
FNF:3
FNH:2
FNDA:2,(anonymous_0)
FNDA:0,(anonymous_1)
FNDA:2,(anonymous_2)
DA:1,1
DA:3,2
DA:5,2
DA:9,0
DA:13,2
DA:14,2
LF:6
LH:5
BRDA:5,0,0,0
BRF:1
BRH:0
end_of_record
TN:
SF:src\core\shared\value-objects\Id.ts
FN:5,(anonymous_1)
FNF:1
FNH:1
FNDA:4,(anonymous_1)
DA:1,1
DA:2,1
DA:4,1
DA:6,4
DA:8,4
LF:5
LH:5
BRDA:6,0,0,3
BRDA:8,1,0,0
BRF:2
BRH:1
end_of_record
TN:
SF:src\core\shared\value-objects\Password.ts
FN:2,(anonymous_0)
FN:11,(anonymous_1)
FNF:2
FNH:2
FNDA:4,(anonymous_0)
FNDA:3,(anonymous_1)
DA:1,1
DA:3,4
DA:4,4
DA:5,4
DA:7,4
DA:8,3
DA:12,3
DA:13,3
LF:8
LH:8
BRDA:4,0,0,4
BRDA:5,1,0,4
BRDA:7,2,0,1
BRDA:8,3,0,1
BRF:4
BRH:4
end_of_record
TN:
SF:src\core\shared\value-objects\Username.ts
FN:2,(anonymous_0)
FNF:1
FNH:1
FNDA:4,(anonymous_0)
DA:1,1
DA:3,4
DA:4,4
DA:5,4
DA:7,4
DA:8,4
LF:6
LH:6
BRDA:4,0,0,4
BRDA:5,1,0,4
BRDA:7,2,0,0
BRDA:8,3,0,0
BRF:4
BRH:2
end_of_record
TN:
SF:src\infra\adapters\BcryptAdapter.ts
FN:7,(anonymous_1)
FN:12,(anonymous_2)
FNF:2
FNH:1
FNDA:3,(anonymous_1)
FNDA:0,(anonymous_2)
DA:1,1
DA:4,1
DA:5,4
DA:8,3
DA:9,3
DA:13,0
DA:14,0
LF:7
LH:5
BRF:0
BRH:0
end_of_record
TN:
SF:src\infra\adapters\UuidAdapter.ts
FN:5,(anonymous_0)
FN:9,(anonymous_1)
FNF:2
FNH:2
FNDA:3,(anonymous_0)
FNDA:4,(anonymous_1)
DA:2,1
DA:4,1
DA:6,3
DA:10,4
LF:4
LH:4
BRF:0
BRH:0
end_of_record
TN:
SF:src\infra\db\FileOrm.ts
FN:9,(anonymous_1)
FN:13,(anonymous_2)
FNF:2
FNH:2
FNDA:5,(anonymous_1)
FNDA:1,(anonymous_2)
DA:1,1
DA:2,1
DA:6,1
DA:8,1
DA:10,5
DA:14,1
LF:6
LH:6
BRF:0
BRH:0
end_of_record
TN:
SF:src\infra\repositories\user\UserLocalRepository.ts
FN:9,(anonymous_1)
FN:13,(anonymous_2)
FN:17,(anonymous_3)
FN:21,(anonymous_4)
FN:23,(anonymous_5)
FN:30,(anonymous_6)
FN:33,(anonymous_7)
FN:40,(anonymous_8)
FN:44,(anonymous_9)
FN:48,(anonymous_10)
FN:58,(anonymous_11)
FNF:11
FNH:6
FNDA:4,(anonymous_1)
FNDA:0,(anonymous_2)
FNDA:0,(anonymous_3)
FNDA:4,(anonymous_4)
FNDA:3,(anonymous_5)
FNDA:1,(anonymous_6)
FNDA:0,(anonymous_7)
FNDA:0,(anonymous_8)
FNDA:0,(anonymous_9)
FNDA:1,(anonymous_10)
FNDA:1,(anonymous_11)
DA:2,1
DA:3,1
DA:4,1
DA:6,1
DA:10,4
DA:14,0
DA:16,0
DA:17,0
DA:22,4
DA:23,4
DA:25,4
DA:31,1
DA:33,1
DA:34,1
DA:36,1
DA:37,1
DA:41,0
DA:45,0
DA:49,1
DA:59,1
LF:20
LH:15
BRDA:16,0,0,0
BRDA:16,0,1,0
BRDA:25,1,0,1
BRDA:25,1,1,3
BRDA:34,2,0,0
BRF:5
BRH:2
end_of_record
TN:
SF:test\core\services\user\data.ts
FNF:0
FNH:0
DA:1,1
LF:1
LH:1
BRF:0
BRH:0
end_of_record
